0 info it worked if it ends with ok
1 verbose cli [ '/usr/local/bin/node', '/usr/local/bin/npm', 'run', 'build' ]
2 info using npm@3.10.3
3 info using node@v6.7.0
4 verbose run-script [ 'prebuild', 'build', 'postbuild' ]
5 info lifecycle es6-modules@1.0.0~prebuild: es6-modules@1.0.0
6 silly lifecycle es6-modules@1.0.0~prebuild: no script for prebuild, continuing
7 info lifecycle es6-modules@1.0.0~build: es6-modules@1.0.0
8 verbose lifecycle es6-modules@1.0.0~build: unsafe-perm in lifecycle true
9 verbose lifecycle es6-modules@1.0.0~build: PATH: /usr/local/lib/node_modules/npm/bin/node-gyp-bin:/Users/nagabhushanamn/Desktop/cts-react/ES6-learn/es6-modules/node_modules/.bin:/usr/local/bin:/Users/nagabhushanamn/bin/Sencha/Cmd/6.1.3.42/..:/Users/nagabhushanamn/bin/Sencha/Cmd/6.1.3.42/..:/Users/nagabhushanamn/bin/Sencha/Cmd/5.1.3.61:/Users/nagabhushanamn/bin/Sencha/Cmd/6.1.3.42:/usr/local/bin:/usr/bin:/bin:/usr/sbin:/sbin:/Users/nagabhushanamn/mongodb/bin:/Applications/Sencha/Test/1_0_2_151/stc:/Applications/Sencha/Test/1_0_2_151/stc
10 verbose lifecycle es6-modules@1.0.0~build: CWD: /Users/nagabhushanamn/Desktop/cts-react/ES6-learn/es6-modules
11 silly lifecycle es6-modules@1.0.0~build: Args: [ '-c', 'babel main.js --out-dir dist --watch' ]
12 silly lifecycle es6-modules@1.0.0~build: Returned: code: 2  signal: null
13 info lifecycle es6-modules@1.0.0~build: Failed to exec build script
14 verbose stack Error: es6-modules@1.0.0 build: `babel main.js --out-dir dist --watch`
14 verbose stack Exit status 2
14 verbose stack     at EventEmitter.<anonymous> (/usr/local/lib/node_modules/npm/lib/utils/lifecycle.js:242:16)
14 verbose stack     at emitTwo (events.js:106:13)
14 verbose stack     at EventEmitter.emit (events.js:191:7)
14 verbose stack     at ChildProcess.<anonymous> (/usr/local/lib/node_modules/npm/lib/utils/spawn.js:40:14)
14 verbose stack     at emitTwo (events.js:106:13)
14 verbose stack     at ChildProcess.emit (events.js:191:7)
14 verbose stack     at maybeClose (internal/child_process.js:877:16)
14 verbose stack     at Process.ChildProcess._handle.onexit (internal/child_process.js:226:5)
15 verbose pkgid es6-modules@1.0.0
16 verbose cwd /Users/nagabhushanamn/Desktop/cts-react/ES6-learn/es6-modules
17 error Darwin 16.0.0
18 error argv "/usr/local/bin/node" "/usr/local/bin/npm" "run" "build"
19 error node v6.7.0
20 error npm  v3.10.3
21 error code ELIFECYCLE
22 error es6-modules@1.0.0 build: `babel main.js --out-dir dist --watch`
22 error Exit status 2
23 error Failed at the es6-modules@1.0.0 build script 'babel main.js --out-dir dist --watch'.
23 error Make sure you have the latest version of node.js and npm installed.
23 error If you do, this is most likely a problem with the es6-modules package,
23 error not with npm itself.
23 error Tell the author that this fails on your system:
23 error     babel main.js --out-dir dist --watch
23 error You can get information on how to open an issue for this project with:
23 error     npm bugs es6-modules
23 error Or if that isn't available, you can get their info via:
23 error     npm owner ls es6-modules
23 error There is likely additional logging output above.
24 verbose exit [ 1, true ]
